<?xml version="1.0" encoding="UTF-8"?>
<!-- Generated by org.testng.reporters.JUnitReportReporter -->
<testsuite hostname="DESKTOP-IU6OU2G" failures="0" tests="1" name="myWordpress.testScripts.TC_NewClass1" time="6.875" errors="0" timestamp="2024-02-28T20:38:49 IST" skipped="0">
  <testcase classname="myWordpress.testScripts.TC_NewClass1" name="runThePom" time="6.875"/>
</testsuite> <!-- myWordpress.testScripts.TC_NewClass1 -->
